<?xml version="1.0" encoding="UTF-8"?>
<testsuite xmlns:xsi="http://www.w3.org/2001/XMLSchema-instance" xsi:noNamespaceSchemaLocation="https://maven.apache.org/surefire/maven-surefire-plugin/xsd/surefire-test-report-3.0.xsd" version="3.0" name="TestSuite" time="23.657" tests="4" errors="0" skipped="1" failures="1">
  <properties>
[...]
</properties>
  <testcase name="goToProjectListPage" classname="com.ui.tests.LoginPageTest" time="17.046">
    <failure message="Cannot invoke &quot;com.ui.pages.LoginPage.doLogin()&quot; because &quot;this.loginPage&quot; is null" type="java.lang.NullPointerException"><![CDATA[java.lang.NullPointerException: Cannot invoke "com.ui.pages.LoginPage.doLogin()" because "this.loginPage" is null
	at com.ui.tests.LoginPageTest.goToProjectListPage(LoginPageTest.java:20)
	at java.base/jdk.internal.reflect.DirectMethodHandleAccessor.invoke(DirectMethodHandleAccessor.java:103)
	at java.base/java.lang.reflect.Method.invoke(Method.java:580)
	at org.testng.internal.invokers.MethodInvocationHelper.invokeMethod(MethodInvocationHelper.java:139)
	at org.testng.internal.invokers.MethodInvocationHelper.invokeMethodConsideringTimeout(MethodInvocationHelper.java:69)
	at org.testng.internal.invokers.ConfigInvoker.invokeConfigurationMethod(ConfigInvoker.java:390)
	at org.testng.internal.invokers.ConfigInvoker.invokeConfigurations(ConfigInvoker.java:325)
	at org.testng.internal.invokers.TestMethodWorker.invokeBeforeClassMethods(TestMethodWorker.java:180)
	at org.testng.internal.invokers.TestMethodWorker.run(TestMethodWorker.java:122)
	at java.base/java.util.concurrent.ThreadPoolExecutor.runWorker(ThreadPoolExecutor.java:1144)
	at java.base/java.util.concurrent.ThreadPoolExecutor$Worker.run(ThreadPoolExecutor.java:642)
	at java.base/java.lang.Thread.run(Thread.java:1583)
]]></failure>
    <system-out><![CDATA[/Users/codeclouds-yogesh/Documents/MyEclipseWorkspace/MySiteBook/src/test/resources/config/qaCred.properties
/Users/codeclouds-yogesh/Documents/MyEclipseWorkspace/MySiteBook/src/test/resources/config/qaCred.properties
]]></system-out>
    <system-err><![CDATA[SLF4J: Failed to load class "org.slf4j.impl.StaticLoggerBinder".
SLF4J: Defaulting to no-operation (NOP) logger implementation
SLF4J: See http://www.slf4j.org/codes.html#StaticLoggerBinder for further details.
Jun 19, 2024 12:32:26 PM org.openqa.selenium.devtools.CdpVersionFinder findNearestMatch
WARNING: Unable to find an exact match for CDP version 126, returning the closest version; found: 124; Please update to a Selenium version that supports CDP version 126
]]></system-err>
  </testcase>
  <testcase name="doLogin" classname="com.ui.tests.LoginPageTest" time="0">
    <skipped message="Cannot invoke &quot;com.ui.pages.LoginPage.doLogin()&quot; because &quot;this.loginPage&quot; is null"/>
  </testcase>
  <testcase name="testUserRedirectsQuatationPageByClickingDetailedEstimate" classname="com.ui.tests.ProjectDetailsPageTest" time="0.561">
    <system-out><![CDATA[/Users/codeclouds-yogesh/Documents/MyEclipseWorkspace/MySiteBook/src/test/resources/config/qaCred.properties
]]></system-out>
  </testcase>
  <testcase name="testQuotationDetails" classname="com.ui.tests.ProjectDetailsPageTest" time="0.672">
    <system-out><![CDATA[******* 2392423.0
$$$$$$$ 2392423.0
Quotation data is correct
]]></system-out>
  </testcase>
</testsuite>