<?xml version="1.0" encoding="UTF-8"?>
<testng-results ignored="0" total="1" passed="1" failed="0" skipped="0">
  <reporter-output>
  </reporter-output>
  <suite started-at="2024-06-19T12:24:49 IST" name="Default suite" finished-at="2024-06-19T12:24:55 IST" duration-ms="6627">
    <groups>
    </groups>
    <test started-at="2024-06-19T12:24:49 IST" name="Default test" finished-at="2024-06-19T12:24:55 IST" duration-ms="6627">
      <class name="com.ui.tests.ProjectListPageTest">
        <test-method is-config="true" signature="setUp()[pri:0, instance:com.ui.tests.ProjectListPageTest@769e7ee8]" started-at="2024-06-19T12:24:49 IST" name="setUp" finished-at="2024-06-19T12:24:52 IST" duration-ms="3864" status="PASS">
          <reporter-output>
          </reporter-output>
        </test-method> <!-- setUp -->
        <test-method is-config="true" signature="goToProjectDetailsPage()[pri:0, instance:com.ui.tests.ProjectListPageTest@769e7ee8]" started-at="2024-06-19T12:24:52 IST" name="goToProjectDetailsPage" finished-at="2024-06-19T12:24:55 IST" duration-ms="2113" status="PASS">
          <reporter-output>
          </reporter-output>
        </test-method> <!-- goToProjectDetailsPage -->
        <test-method signature="testUserRedirectProjectDetailsPageAfterSelectingProject()[pri:0, instance:com.ui.tests.ProjectListPageTest@769e7ee8]" started-at="2024-06-19T12:24:55 IST" name="testUserRedirectProjectDetailsPageAfterSelectingProject" description="To test user can select project from uiand redirect project details page" finished-at="2024-06-19T12:24:55 IST" duration-ms="541" status="PASS">
          <reporter-output>
          </reporter-output>
        </test-method> <!-- testUserRedirectProjectDetailsPageAfterSelectingProject -->
        <test-method is-config="true" signature="tearDown()[pri:0, instance:com.ui.tests.ProjectListPageTest@769e7ee8]" started-at="2024-06-19T12:24:55 IST" name="tearDown" finished-at="2024-06-19T12:24:55 IST" duration-ms="97" status="PASS">
          <reporter-output>
          </reporter-output>
        </test-method> <!-- tearDown -->
      </class> <!-- com.ui.tests.ProjectListPageTest -->
    </test> <!-- Default test -->
  </suite> <!-- Default suite -->
</testng-results>
