<?xml version="1.0" encoding="UTF-8"?>
<!-- Generated by org.testng.reporters.JUnitXMLReporter -->
<testsuite ignored="4" hostname="CISPL-IO-756.local" failures="0" tests="4" name="App Test" time="30.492" errors="0" timestamp="2024-06-19T12:48:52 IST">
  <testcase classname="com.ui.tests.ProjectListPageTest" name="@BeforeClass goToProjectDetailsPage" time="0.001">
    <failure type="java.lang.NullPointerException" message="Cannot invoke &amp;quot;com.ui.pages.LoginPage.doLogin()&amp;quot; because &amp;quot;this.loginPage&amp;quot; is null">
      <![CDATA[java.lang.NullPointerException: Cannot invoke "com.ui.pages.LoginPage.doLogin()" because "this.loginPage" is null
at com.ui.tests.ProjectListPageTest.goToProjectDetailsPage(ProjectListPageTest.java:19)
at java.base/java.util.ArrayList.forEach(ArrayList.java:1596)
at com.runner.Runner.main(Runner.java:50)
... Removed 20 stack frames]]>
    </failure>
  </testcase> <!-- @BeforeClass goToProjectDetailsPage -->
  <testcase classname="com.ui.tests.LoginPageTest" name="@BeforeClass goToProjectListPage" time="0.0">
    <failure type="java.lang.NullPointerException" message="Cannot invoke &amp;quot;com.ui.pages.LoginPage.doLogin()&amp;quot; because &amp;quot;this.loginPage&amp;quot; is null">
      <![CDATA[java.lang.NullPointerException: Cannot invoke "com.ui.pages.LoginPage.doLogin()" because "this.loginPage" is null
at com.ui.tests.LoginPageTest.goToProjectListPage(LoginPageTest.java:20)
at java.base/java.util.ArrayList.forEach(ArrayList.java:1596)
at com.runner.Runner.main(Runner.java:50)
... Removed 20 stack frames]]>
    </failure>
  </testcase> <!-- @BeforeClass goToProjectListPage -->
  <testcase classname="com.ui.tests.ProjectDetailsPageTest" name="testQuotationDetails" time="0.65"/>
  <testcase classname="com.ui.tests.ProjectDetailsPageTest" name="testUserRedirectsQuatationPageByClickingDetailedEstimate" time="0.026"/>
  <testcase classname="com.ui.tests.ProjectListPageTest" name="testUserRedirectProjectDetailsPageAfterSelectingProject" time="0.0">
    <skipped/>
  </testcase> <!-- testUserRedirectProjectDetailsPageAfterSelectingProject -->
  <testcase classname="com.ui.tests.LoginPageTest" name="doLogin" time="0.0">
    <skipped/>
  </testcase> <!-- doLogin -->
  <testcase classname="com.ui.tests.BaseTest" name="@BeforeTest setUp" time="0.0">
    <ignored/>
  </testcase> <!-- @BeforeTest setUp -->
  <testcase classname="com.ui.tests.BaseTest" name="@BeforeTest setUp" time="0.0">
    <ignored/>
  </testcase> <!-- @BeforeTest setUp -->
  <testcase classname="com.ui.tests.BaseTest" name="@AfterTest tearDown" time="0.0">
    <ignored/>
  </testcase> <!-- @AfterTest tearDown -->
  <testcase classname="com.ui.tests.BaseTest" name="@AfterTest tearDown" time="0.0">
    <ignored/>
  </testcase> <!-- @AfterTest tearDown -->
</testsuite> <!-- App Test -->
